[25Feb2025 00:00:11.925] [Server thread/WARN] [net.minecraft.server.MinecraftServer/]: Can't keep up! Is the server overloaded? Running 2008ms or 40 ticks behind
[25Feb2025 00:00:32.695] [Server thread/INFO] [net.minecraft.server.MinecraftServer/]: Timothy255 has made the advancement [We do a little trolling...]
[25Feb2025 00:00:49.920] [Server thread/WARN] [net.minecraft.server.MinecraftServer/]: Can't keep up! Is the server overloaded? Running 2003ms or 40 ticks behind
[25Feb2025 00:01:01.258] [Server thread/INFO] [net.minecraft.server.MinecraftServer/]: Timothy255 has made the advancement [It's an Emu!!!]
[25Feb2025 00:01:07.378] [Server thread/INFO] [net.minecraft.server.MinecraftServer/]: TomanoMC was slain by Nightmare Stalker
[25Feb2025 00:01:12.681] [Server thread/WARN] [net.minecraft.server.MinecraftServer/]: Can't keep up! Is the server overloaded? Running 2014ms or 40 ticks behind
[25Feb2025 00:01:23.315] [Server thread/INFO] [net.minecraft.server.MinecraftServer/]: TomanoMC was slain by Nightmare Stalker
[25Feb2025 00:01:31.067] [Server thread/WARN] [net.minecraft.server.MinecraftServer/]: Can't keep up! Is the server overloaded? Running 3400ms or 68 ticks behind
[25Feb2025 00:01:47.813] [Server thread/INFO] [net.minecraft.server.MinecraftServer/]: TomanoMC was slain by Nightmare Stalker
[25Feb2025 00:01:49.888] [Server thread/WARN] [net.minecraft.server.MinecraftServer/]: Can't keep up! Is the server overloaded? Running 3821ms or 76 ticks behind
[25Feb2025 00:02:07.273] [Server thread/WARN] [net.minecraft.server.MinecraftServer/]: Can't keep up! Is the server overloaded? Running 2006ms or 40 ticks behind
[25Feb2025 00:02:08.768] [Server thread/INFO] [net.minecraft.server.MinecraftServer/]: TomanoMC was slain by Nightmare Stalker
[25Feb2025 00:02:21.993] [Server thread/INFO] [net.minecraft.server.MinecraftServer/]: TomanoMC has reached the goal [Fighting Nightmares]
[25Feb2025 00:02:24.951] [Server thread/WARN] [net.minecraft.server.MinecraftServer/]: Can't keep up! Is the server overloaded? Running 2684ms or 53 ticks behind
[25Feb2025 00:02:32.040] [Server thread/INFO] [net.minecraft.server.MinecraftServer/]: [Not Secure] <TomanoMC> A TU PUTA CASA CTMMMMMMMMMMMMMMMMMMMMMMM
[25Feb2025 00:02:42.880] [Server thread/WARN] [net.minecraft.server.MinecraftServer/]: Can't keep up! Is the server overloaded? Running 2013ms or 40 ticks behind
[25Feb2025 00:03:00.092] [Server thread/WARN] [net.minecraft.server.MinecraftServer/]: Can't keep up! Is the server overloaded? Running 2225ms or 44 ticks behind
[25Feb2025 00:03:17.326] [Server thread/WARN] [net.minecraft.server.MinecraftServer/]: Can't keep up! Is the server overloaded? Running 2259ms or 45 ticks behind
[25Feb2025 00:03:34.719] [Server thread/WARN] [net.minecraft.server.MinecraftServer/]: Can't keep up! Is the server overloaded? Running 2002ms or 40 ticks behind
[25Feb2025 00:03:52.767] [Server thread/WARN] [net.minecraft.server.MinecraftServer/]: Can't keep up! Is the server overloaded? Running 2001ms or 40 ticks behind
[25Feb2025 00:04:25.425] [Server thread/WARN] [net.minecraft.server.MinecraftServer/]: Can't keep up! Is the server overloaded? Running 2008ms or 40 ticks behind
[25Feb2025 00:05:01.492] [Server thread/WARN] [net.minecraft.server.MinecraftServer/]: Can't keep up! Is the server overloaded? Running 2026ms or 40 ticks behind
[25Feb2025 00:05:04.750] [Server thread/INFO] [net.minecraft.server.MinecraftServer/]: Timothy255 has made the advancement [It Belongs in a Museum]
[25Feb2025 00:05:18.616] [Server thread/WARN] [net.minecraft.server.MinecraftServer/]: Can't keep up! Is the server overloaded? Running 2149ms or 42 ticks behind
[25Feb2025 00:05:35.582] [Server thread/INFO] [net.minecraft.server.MinecraftServer/]: Timothy255 was doomed to fall by Baby Spider
[25Feb2025 00:05:36.111] [Server thread/WARN] [net.minecraft.server.MinecraftServer/]: Can't keep up! Is the server overloaded? Running 2544ms or 50 ticks behind
[25Feb2025 00:06:12.320] [Server thread/WARN] [net.minecraft.server.MinecraftServer/]: Can't keep up! Is the server overloaded? Running 2003ms or 40 ticks behind
[25Feb2025 00:06:30.795] [Server thread/WARN] [net.minecraft.server.MinecraftServer/]: Can't keep up! Is the server overloaded? Running 2028ms or 40 ticks behind
[25Feb2025 00:06:48.168] [Server thread/WARN] [net.minecraft.server.MinecraftServer/]: Can't keep up! Is the server overloaded? Running 2001ms or 40 ticks behind
[25Feb2025 00:07:08.676] [Server thread/WARN] [net.minecraft.server.MinecraftServer/]: Can't keep up! Is the server overloaded? Running 2009ms or 40 ticks behind
[25Feb2025 00:07:27.115] [Server thread/WARN] [net.minecraft.server.MinecraftServer/]: Can't keep up! Is the server overloaded? Running 3448ms or 68 ticks behind
[25Feb2025 00:07:44.090] [Server thread/WARN] [net.minecraft.server.MinecraftServer/]: Can't keep up! Is the server overloaded? Running 2023ms or 40 ticks behind
[25Feb2025 00:08:11.430] [Server thread/WARN] [net.minecraft.server.MinecraftServer/]: Can't keep up! Is the server overloaded? Running 2013ms or 40 ticks behind
[25Feb2025 00:08:44.474] [Server thread/WARN] [net.minecraft.server.MinecraftServer/]: Can't keep up! Is the server overloaded? Running 2007ms or 40 ticks behind
[25Feb2025 00:09:27.170] [Server thread/WARN] [net.minecraft.server.MinecraftServer/]: Can't keep up! Is the server overloaded? Running 2003ms or 40 ticks behind
[25Feb2025 00:09:45.409] [Server thread/WARN] [net.minecraft.server.MinecraftServer/]: Can't keep up! Is the server overloaded? Running 3242ms or 64 ticks behind
[25Feb2025 00:10:03.583] [Server thread/WARN] [net.minecraft.server.MinecraftServer/]: Can't keep up! Is the server overloaded? Running 3216ms or 64 ticks behind
[25Feb2025 00:10:22.342] [Server thread/WARN] [net.minecraft.server.MinecraftServer/]: Can't keep up! Is the server overloaded? Running 3775ms or 75 ticks behind
[25Feb2025 00:10:41.106] [Server thread/WARN] [net.minecraft.server.MinecraftServer/]: Can't keep up! Is the server overloaded? Running 3789ms or 75 ticks behind
[25Feb2025 00:10:59.234] [Server thread/WARN] [net.minecraft.server.MinecraftServer/]: Can't keep up! Is the server overloaded? Running 3167ms or 63 ticks behind
[25Feb2025 00:11:16.947] [Server thread/WARN] [net.minecraft.server.MinecraftServer/]: Can't keep up! Is the server overloaded? Running 2730ms or 54 ticks behind
[25Feb2025 00:11:23.428] [Server thread/INFO] [net.minecraft.server.MinecraftServer/]: TomanoMC has made the advancement [Voluntary Exile]
[25Feb2025 00:11:34.582] [Server thread/WARN] [net.minecraft.server.MinecraftServer/]: Can't keep up! Is the server overloaded? Running 2665ms or 53 ticks behind
[25Feb2025 00:11:53.825] [Server thread/WARN] [net.minecraft.server.MinecraftServer/]: Can't keep up! Is the server overloaded? Running 2008ms or 40 ticks behind
[25Feb2025 00:12:19.969] [Server thread/WARN] [net.minecraft.server.MinecraftServer/]: Can't keep up! Is the server overloaded? Running 2002ms or 40 ticks behind
[25Feb2025 00:12:48.941] [Server thread/WARN] [net.minecraft.server.MinecraftServer/]: Can't keep up! Is the server overloaded? Running 2424ms or 48 ticks behind
[25Feb2025 00:12:50.666] [Server thread/INFO] [net.minecraft.server.MinecraftServer/]: Timothy255 has made the advancement [KEEP ROLLIN' ROLLIN' ROLLIN']
[25Feb2025 00:13:06.998] [Server thread/INFO] [net.minecraft.server.MinecraftServer/]: [Not Secure] <Timothy255> QUE PUTOS MODS AGREGASTE
[25Feb2025 00:13:22.489] [Server thread/INFO] [net.minecraft.server.MinecraftServer/]: [Not Secure] <TomanoMC> XDDD
[25Feb2025 00:13:24.942] [Server thread/INFO] [net.minecraft.server.MinecraftServer/]: [Not Secure] <TomanoMC> por qué
[25Feb2025 00:13:33.254] [Server thread/INFO] [net.minecraft.server.MinecraftServer/]: [Not Secure] <Timothy255> me cage hermano
[25Feb2025 00:13:38.073] [Server thread/INFO] [net.minecraft.server.MinecraftServer/]: [Not Secure] <Timothy255> con esa wea
[25Feb2025 00:13:41.421] [Server thread/WARN] [net.minecraft.server.MinecraftServer/]: Can't keep up! Is the server overloaded? Running 2004ms or 40 ticks behind
[25Feb2025 00:14:01.766] [Server thread/INFO] [net.minecraft.server.MinecraftServer/]: [Not Secure] <TomanoMC> qué era
[25Feb2025 00:14:19.098] [Server thread/INFO] [net.minecraft.server.MinecraftServer/]: [Not Secure] <Timothy255> como una wea que rodaba
[25Feb2025 00:14:19.469] [Server thread/WARN] [net.minecraft.server.MinecraftServer/]: Can't keep up! Is the server overloaded? Running 2002ms or 40 ticks behind
[25Feb2025 00:14:22.976] [Server thread/INFO] [net.minecraft.server.MinecraftServer/]: [Not Secure] <Timothy255> y era de piedra
[25Feb2025 00:14:31.933] [Server thread/INFO] [net.minecraft.server.MinecraftServer/]: [Not Secure] <Timothy255> y hacia temblar toda la fackin pantalla
[25Feb2025 00:14:33.428] [Server thread/INFO] [net.minecraft.server.MinecraftServer/]: [Not Secure] <TomanoMC> XDDD
[25Feb2025 00:14:38.733] [Server thread/INFO] [net.minecraft.server.MinecraftServer/]: [Not Secure] <TomanoMC> qué wea
[25Feb2025 00:15:00.274] [Server thread/WARN] [net.minecraft.server.MinecraftServer/]: Can't keep up! Is the server overloaded? Running 2007ms or 40 ticks behind
[25Feb2025 00:15:21.822] [Server thread/WARN] [net.minecraft.server.MinecraftServer/]: Can't keep up! Is the server overloaded? Running 2005ms or 40 ticks behind
[25Feb2025 00:15:42.321] [Server thread/WARN] [net.minecraft.server.MinecraftServer/]: Can't keep up! Is the server overloaded? Running 2004ms or 40 ticks behind
[25Feb2025 00:16:07.419] [Server thread/WARN] [net.minecraft.server.MinecraftServer/]: Can't keep up! Is the server overloaded? Running 2002ms or 40 ticks behind
[25Feb2025 00:16:32.618] [Server thread/WARN] [net.minecraft.server.MinecraftServer/]: Can't keep up! Is the server overloaded? Running 2001ms or 40 ticks behind
[25Feb2025 00:16:50.310] [Server thread/WARN] [net.minecraft.server.MinecraftServer/]: Can't keep up! Is the server overloaded? Running 2693ms or 53 ticks behind
[25Feb2025 00:17:08.988] [Server thread/WARN] [net.minecraft.server.MinecraftServer/]: Can't keep up! Is the server overloaded? Running 3721ms or 74 ticks behind
[25Feb2025 00:17:29.686] [Server thread/WARN] [net.minecraft.server.MinecraftServer/]: Can't keep up! Is the server overloaded? Running 5719ms or 114 ticks behind
[25Feb2025 00:17:51.449] [Server thread/WARN] [net.minecraft.server.MinecraftServer/]: Can't keep up! Is the server overloaded? Running 6782ms or 135 ticks behind
[25Feb2025 00:18:13.770] [Server thread/WARN] [net.minecraft.server.MinecraftServer/]: Can't keep up! Is the server overloaded? Running 7353ms or 147 ticks behind
[25Feb2025 00:18:35.188] [Server thread/WARN] [net.minecraft.server.MinecraftServer/]: Can't keep up! Is the server overloaded? Running 6421ms or 128 ticks behind
[25Feb2025 00:18:59.245] [Server thread/WARN] [net.minecraft.server.MinecraftServer/]: Can't keep up! Is the server overloaded? Running 9078ms or 181 ticks behind
[25Feb2025 00:19:22.127] [Server thread/WARN] [net.minecraft.server.MinecraftServer/]: Can't keep up! Is the server overloaded? Running 7910ms or 158 ticks behind
[25Feb2025 00:19:43.838] [Server thread/WARN] [net.minecraft.server.MinecraftServer/]: Can't keep up! Is the server overloaded? Running 6721ms or 134 ticks behind
[25Feb2025 00:20:05.742] [Server thread/WARN] [net.minecraft.server.MinecraftServer/]: Can't keep up! Is the server overloaded? Running 6925ms or 138 ticks behind
[25Feb2025 00:20:27.266] [Server thread/WARN] [net.minecraft.server.MinecraftServer/]: Can't keep up! Is the server overloaded? Running 6549ms or 130 ticks behind
[25Feb2025 00:20:48.848] [Server thread/WARN] [net.minecraft.server.MinecraftServer/]: Can't keep up! Is the server overloaded? Running 6631ms or 132 ticks behind
[25Feb2025 00:21:10.259] [Server thread/WARN] [net.minecraft.server.MinecraftServer/]: Can't keep up! Is the server overloaded? Running 6442ms or 128 ticks behind
[25Feb2025 00:21:31.524] [Server thread/WARN] [net.minecraft.server.MinecraftServer/]: Can't keep up! Is the server overloaded? Running 6307ms or 126 ticks behind
[25Feb2025 00:21:52.470] [Server thread/WARN] [net.minecraft.server.MinecraftServer/]: Can't keep up! Is the server overloaded? Running 5953ms or 119 ticks behind
[25Feb2025 00:22:14.664] [Server thread/WARN] [net.minecraft.server.MinecraftServer/]: Can't keep up! Is the server overloaded? Running 7197ms or 143 ticks behind
[25Feb2025 00:22:35.999] [Server thread/WARN] [net.minecraft.server.MinecraftServer/]: Can't keep up! Is the server overloaded? Running 6382ms or 127 ticks behind
[25Feb2025 00:22:57.732] [Server thread/WARN] [net.minecraft.server.MinecraftServer/]: Can't keep up! Is the server overloaded? Running 6765ms or 135 ticks behind
[25Feb2025 00:23:19.551] [Server thread/WARN] [net.minecraft.server.MinecraftServer/]: Can't keep up! Is the server overloaded? Running 6834ms or 136 ticks behind
[25Feb2025 00:23:41.627] [Server thread/WARN] [net.minecraft.server.MinecraftServer/]: Can't keep up! Is the server overloaded? Running 7110ms or 142 ticks behind
[25Feb2025 00:24:03.574] [Server thread/WARN] [net.minecraft.server.MinecraftServer/]: Can't keep up! Is the server overloaded? Running 6957ms or 139 ticks behind
[25Feb2025 00:24:25.416] [Server thread/WARN] [net.minecraft.server.MinecraftServer/]: Can't keep up! Is the server overloaded? Running 6849ms or 136 ticks behind
[25Feb2025 00:24:47.380] [Server thread/WARN] [net.minecraft.server.MinecraftServer/]: Can't keep up! Is the server overloaded? Running 7013ms or 140 ticks behind
[25Feb2025 00:25:10.641] [Server thread/WARN] [net.minecraft.server.MinecraftServer/]: Can't keep up! Is the server overloaded? Running 8274ms or 165 ticks behind
[25Feb2025 00:25:27.139] [Server thread/INFO] [net.minecraft.world.entity.npc.Villager/]: Villager VillagerEntityMCA['Muhamed'/45, l='ServerLevel[world]', x=-2206.04, y=80.00, z=-672.23] died, message: 'Muhamed was slain by Zombie'
[25Feb2025 00:25:27.140] [Server thread/INFO] [net.minecraft.world.entity.LivingEntity/]: Named entity VillagerEntityMCA['Muhamed'/45, l='ServerLevel[world]', x=-2206.04, y=80.00, z=-672.23] died: Muhamed was slain by Zombie
[25Feb2025 00:25:33.168] [Server thread/WARN] [net.minecraft.server.MinecraftServer/]: Can't keep up! Is the server overloaded? Running 7551ms or 151 ticks behind
[25Feb2025 00:25:55.914] [Server thread/WARN] [net.minecraft.server.MinecraftServer/]: Can't keep up! Is the server overloaded? Running 7748ms or 154 ticks behind
[25Feb2025 00:26:18.567] [Server thread/WARN] [net.minecraft.server.MinecraftServer/]: Can't keep up! Is the server overloaded? Running 7700ms or 154 ticks behind
[25Feb2025 00:26:40.987] [Server thread/WARN] [net.minecraft.server.MinecraftServer/]: Can't keep up! Is the server overloaded? Running 7420ms or 148 ticks behind
[25Feb2025 00:27:02.831] [Server thread/WARN] [net.minecraft.server.MinecraftServer/]: Can't keep up! Is the server overloaded? Running 6864ms or 137 ticks behind
[25Feb2025 00:27:25.155] [Server thread/WARN] [net.minecraft.server.MinecraftServer/]: Can't keep up! Is the server overloaded? Running 7338ms or 146 ticks behind
[25Feb2025 00:27:48.424] [Server thread/WARN] [net.minecraft.server.MinecraftServer/]: Can't keep up! Is the server overloaded? Running 8307ms or 166 ticks behind
[25Feb2025 00:28:10.953] [Server thread/WARN] [net.minecraft.server.MinecraftServer/]: Can't keep up! Is the server overloaded? Running 7536ms or 150 ticks behind
[25Feb2025 00:28:33.569] [Server thread/WARN] [net.minecraft.server.MinecraftServer/]: Can't keep up! Is the server overloaded? Running 7652ms or 153 ticks behind
[25Feb2025 00:28:55.551] [Server thread/WARN] [net.minecraft.server.MinecraftServer/]: Can't keep up! Is the server overloaded? Running 6984ms or 139 ticks behind
[25Feb2025 00:29:16.139] [Server thread/WARN] [net.minecraft.server.MinecraftServer/]: Can't keep up! Is the server overloaded? Running 5622ms or 112 ticks behind
[25Feb2025 00:29:37.242] [Server thread/WARN] [net.minecraft.server.MinecraftServer/]: Can't keep up! Is the server overloaded? Running 6125ms or 122 ticks behind
[25Feb2025 00:29:56.340] [Server thread/WARN] [net.minecraft.server.MinecraftServer/]: Can't keep up! Is the server overloaded? Running 4123ms or 82 ticks behind
[25Feb2025 00:30:16.023] [Server thread/WARN] [net.minecraft.server.MinecraftServer/]: Can't keep up! Is the server overloaded? Running 4706ms or 94 ticks behind
[25Feb2025 00:30:34.311] [Server thread/WARN] [net.minecraft.server.MinecraftServer/]: Can't keep up! Is the server overloaded? Running 3294ms or 65 ticks behind
[25Feb2025 00:30:53.516] [Server thread/WARN] [net.minecraft.server.MinecraftServer/]: Can't keep up! Is the server overloaded? Running 4249ms or 84 ticks behind
[25Feb2025 00:31:12.739] [Server thread/WARN] [net.minecraft.server.MinecraftServer/]: Can't keep up! Is the server overloaded? Running 4272ms or 85 ticks behind
[25Feb2025 00:31:33.501] [Server thread/WARN] [net.minecraft.server.MinecraftServer/]: Can't keep up! Is the server overloaded? Running 5784ms or 115 ticks behind
[25Feb2025 00:31:54.665] [Server thread/WARN] [net.minecraft.server.MinecraftServer/]: Can't keep up! Is the server overloaded? Running 6198ms or 123 ticks behind
[25Feb2025 00:32:16.005] [Server thread/WARN] [net.minecraft.server.MinecraftServer/]: Can't keep up! Is the server overloaded? Running 6388ms or 127 ticks behind
[25Feb2025 00:32:38.296] [Server thread/WARN] [net.minecraft.server.MinecraftServer/]: Can't keep up! Is the server overloaded? Running 7329ms or 146 ticks behind
[25Feb2025 00:33:05.083] [Server thread/WARN] [net.minecraft.server.network.ServerGamePacketListenerImpl/]: Neo_profeci moved too quickly! -8.608989100297094,1.176759275064235,-5.3981463107598415
[25Feb2025 00:33:05.367] [Server thread/WARN] [net.minecraft.server.MinecraftServer/]: Can't keep up! Is the server overloaded? Running 12100ms or 242 ticks behind
[25Feb2025 00:33:06.556] [Server thread/WARN] [net.minecraft.server.network.ServerGamePacketListenerImpl/]: Neo_profeci moved too quickly! -2.1307134228632094,-10.490796109027986,0.11889654733835187
[25Feb2025 00:33:27.369] [Server thread/WARN] [net.minecraft.server.MinecraftServer/]: Can't keep up! Is the server overloaded? Running 7002ms or 140 ticks behind
[25Feb2025 00:33:48.553] [Server thread/WARN] [net.minecraft.server.MinecraftServer/]: Can't keep up! Is the server overloaded? Running 6186ms or 123 ticks behind
[25Feb2025 00:34:09.956] [Server thread/WARN] [net.minecraft.server.MinecraftServer/]: Can't keep up! Is the server overloaded? Running 6439ms or 128 ticks behind
[25Feb2025 00:34:30.458] [Server thread/WARN] [net.minecraft.server.MinecraftServer/]: Can't keep up! Is the server overloaded? Running 5541ms or 110 ticks behind
[25Feb2025 00:34:50.796] [Server thread/WARN] [net.minecraft.server.MinecraftServer/]: Can't keep up! Is the server overloaded? Running 5379ms or 107 ticks behind
[25Feb2025 00:35:09.681] [Server thread/WARN] [net.minecraft.server.MinecraftServer/]: Can't keep up! Is the server overloaded? Running 3914ms or 78 ticks behind
[25Feb2025 00:35:29.471] [Server thread/WARN] [net.minecraft.server.MinecraftServer/]: Can't keep up! Is the server overloaded? Running 4804ms or 96 ticks behind
[25Feb2025 00:35:49.850] [Server thread/WARN] [net.minecraft.server.MinecraftServer/]: Can't keep up! Is the server overloaded? Running 5383ms or 107 ticks behind
[25Feb2025 00:36:09.613] [Server thread/WARN] [net.minecraft.server.MinecraftServer/]: Can't keep up! Is the server overloaded? Running 4796ms or 95 ticks behind
[25Feb2025 00:36:28.990] [Server thread/WARN] [net.minecraft.server.MinecraftServer/]: Can't keep up! Is the server overloaded? Running 4423ms or 88 ticks behind
[25Feb2025 00:36:47.661] [Server thread/WARN] [net.minecraft.server.MinecraftServer/]: Can't keep up! Is the server overloaded? Running 3694ms or 73 ticks behind
[25Feb2025 00:37:06.348] [Server thread/WARN] [net.minecraft.server.MinecraftServer/]: Can't keep up! Is the server overloaded? Running 3731ms or 74 ticks behind
[25Feb2025 00:37:25.740] [Server thread/WARN] [net.minecraft.server.MinecraftServer/]: Can't keep up! Is the server overloaded? Running 4423ms or 88 ticks behind
[25Feb2025 00:37:45.464] [Server thread/WARN] [net.minecraft.server.MinecraftServer/]: Can't keep up! Is the server overloaded? Running 4747ms or 94 ticks behind
[25Feb2025 00:38:05.152] [Server thread/WARN] [net.minecraft.server.MinecraftServer/]: Can't keep up! Is the server overloaded? Running 4735ms or 94 ticks behind
[25Feb2025 00:38:24.686] [Server thread/WARN] [net.minecraft.server.MinecraftServer/]: Can't keep up! Is the server overloaded? Running 4569ms or 91 ticks behind
[25Feb2025 00:38:43.447] [Server thread/WARN] [net.minecraft.server.MinecraftServer/]: Can't keep up! Is the server overloaded? Running 3781ms or 75 ticks behind
[25Feb2025 00:39:03.260] [Server thread/WARN] [net.minecraft.server.MinecraftServer/]: Can't keep up! Is the server overloaded? Running 4843ms or 96 ticks behind
[25Feb2025 00:39:22.967] [Server thread/WARN] [net.minecraft.server.MinecraftServer/]: Can't keep up! Is the server overloaded? Running 4750ms or 95 ticks behind
[25Feb2025 00:39:43.268] [Server thread/WARN] [net.minecraft.server.MinecraftServer/]: Can't keep up! Is the server overloaded? Running 5301ms or 106 ticks behind
[25Feb2025 00:40:03.658] [Server thread/WARN] [net.minecraft.server.MinecraftServer/]: Can't keep up! Is the server overloaded? Running 5391ms or 107 ticks behind
[25Feb2025 00:40:23.171] [Server thread/WARN] [net.minecraft.server.MinecraftServer/]: Can't keep up! Is the server overloaded? Running 4554ms or 91 ticks behind
[25Feb2025 00:40:42.572] [Server thread/WARN] [net.minecraft.server.MinecraftServer/]: Can't keep up! Is the server overloaded? Running 4405ms or 88 ticks behind
[25Feb2025 00:41:01.925] [Server thread/WARN] [net.minecraft.server.MinecraftServer/]: Can't keep up! Is the server overloaded? Running 4358ms or 87 ticks behind
[25Feb2025 00:41:21.070] [Server thread/WARN] [net.minecraft.server.MinecraftServer/]: Can't keep up! Is the server overloaded? Running 4153ms or 83 ticks behind
[25Feb2025 00:41:40.285] [Server thread/WARN] [net.minecraft.server.MinecraftServer/]: Can't keep up! Is the server overloaded? Running 4218ms or 84 ticks behind
[25Feb2025 00:41:59.717] [Server thread/WARN] [net.minecraft.server.MinecraftServer/]: Can't keep up! Is the server overloaded? Running 4450ms or 89 ticks behind
[25Feb2025 00:42:19.025] [Server thread/WARN] [net.minecraft.server.MinecraftServer/]: Can't keep up! Is the server overloaded? Running 4308ms or 86 ticks behind
[25Feb2025 00:42:38.247] [Server thread/WARN] [net.minecraft.server.MinecraftServer/]: Can't keep up! Is the server overloaded? Running 4230ms or 84 ticks behind
[25Feb2025 00:43:00.160] [Server thread/WARN] [net.minecraft.server.MinecraftServer/]: Can't keep up! Is the server overloaded? Running 6943ms or 138 ticks behind
[25Feb2025 00:43:07.855] [Server thread/INFO] [net.minecraft.server.MinecraftServer/]: Timothy255 has made the advancement [Made From Clouds...]
[25Feb2025 00:43:23.212] [Server thread/WARN] [net.minecraft.server.MinecraftServer/]: Can't keep up! Is the server overloaded? Running 8095ms or 161 ticks behind
[25Feb2025 00:43:30.743] [Server thread/INFO] [net.minecraft.server.players.PlayerList/]: pipeeessj[/127.204.20.108:42161] logged in with entity id 39156 at (-4764.845016229569, 49.0, -2941.551571850832)
[25Feb2025 00:43:30.750] [Server thread/INFO] [net.minecraft.server.MinecraftServer/]: pipeeessj joined the game
[25Feb2025 00:43:30.761] [Server thread/INFO] [Jade/]: Syncing config to pipeeessj (c80b607a-374c-3e73-8977-e1fba99eaef9)
[25Feb2025 00:43:46.244] [Server thread/WARN] [net.minecraft.server.MinecraftServer/]: Can't keep up! Is the server overloaded? Running 8077ms or 161 ticks behind
[25Feb2025 00:43:52.759] [Server thread/INFO] [net.minecraft.server.network.ServerGamePacketListenerImpl/]: pipeeessj lost connection: Disconnected
[25Feb2025 00:43:52.759] [Server thread/INFO] [net.minecraft.server.MinecraftServer/]: pipeeessj left the game
[25Feb2025 00:44:09.931] [Server thread/WARN] [net.minecraft.server.MinecraftServer/]: Can't keep up! Is the server overloaded? Running 8714ms or 174 ticks behind
[25Feb2025 00:44:29.751] [Server thread/WARN] [net.minecraft.server.MinecraftServer/]: Can't keep up! Is the server overloaded? Running 4834ms or 96 ticks behind
[25Feb2025 00:44:31.441] [Server thread/INFO] [net.minecraft.server.players.PlayerList/]: pipeeessj[/127.204.20.108:40599] logged in with entity id 39735 at (-4764.845016229569, 49.0, -2941.551571850832)
[25Feb2025 00:44:31.447] [Server thread/INFO] [net.minecraft.server.MinecraftServer/]: pipeeessj joined the game
[25Feb2025 00:44:31.454] [Server thread/INFO] [Jade/]: Syncing config to pipeeessj (c80b607a-374c-3e73-8977-e1fba99eaef9)
[25Feb2025 00:44:54.905] [Server thread/WARN] [net.minecraft.server.MinecraftServer/]: Can't keep up! Is the server overloaded? Running 10189ms or 203 ticks behind
[25Feb2025 00:45:23.406] [Server thread/WARN] [net.minecraft.server.MinecraftServer/]: Can't keep up! Is the server overloaded? Running 13539ms or 270 ticks behind
[25Feb2025 00:45:29.771] [Server thread/INFO] [net.minecraft.world.entity.npc.Villager/]: Villager VillagerEntityMCA['Péter'/39857, l='ServerLevel[world]', x=-4706.71, y=70.00, z=-2851.58] died, message: 'Péter was slain by Zombie Bruiser'
[25Feb2025 00:45:29.771] [Server thread/INFO] [net.minecraft.world.entity.LivingEntity/]: Named entity VillagerEntityMCA['Péter'/39857, l='ServerLevel[world]', x=-4706.71, y=70.00, z=-2851.58] died: Péter was slain by Zombie Bruiser
[25Feb2025 00:45:43.715] [Server thread/INFO] [net.minecraft.world.entity.npc.Villager/]: Villager VillagerEntityMCA['Szilárd'/39796, l='ServerLevel[world]', x=-4733.67, y=67.00, z=-2865.58] died, message: 'Szilárd was slain by Zombie Bruiser'
[25Feb2025 00:45:43.715] [Server thread/INFO] [net.minecraft.world.entity.LivingEntity/]: Named entity VillagerEntityMCA['Szilárd'/39796, l='ServerLevel[world]', x=-4733.67, y=67.00, z=-2865.58] died: Szilárd was slain by Zombie Bruiser
[25Feb2025 00:45:52.438] [Server thread/WARN] [net.minecraft.server.MinecraftServer/]: Can't keep up! Is the server overloaded? Running 14071ms or 281 ticks behind
[25Feb2025 00:45:58.716] [Server thread/INFO] [net.minecraft.server.network.ServerGamePacketListenerImpl/]: Neo_profeci lost connection: Disconnected
[25Feb2025 00:45:58.716] [Server thread/INFO] [net.minecraft.server.MinecraftServer/]: Neo_profeci left the game
[25Feb2025 00:46:17.521] [Server thread/WARN] [net.minecraft.server.MinecraftServer/]: Can't keep up! Is the server overloaded? Running 10104ms or 202 ticks behind
[25Feb2025 00:46:40.805] [Server thread/WARN] [net.minecraft.server.MinecraftServer/]: Can't keep up! Is the server overloaded? Running 8288ms or 165 ticks behind
[25Feb2025 00:47:03.084] [Server thread/WARN] [net.minecraft.server.MinecraftServer/]: Can't keep up! Is the server overloaded? Running 7317ms or 146 ticks behind
[25Feb2025 00:47:27.361] [Server thread/WARN] [net.minecraft.server.MinecraftServer/]: Can't keep up! Is the server overloaded? Running 9294ms or 185 ticks behind
[25Feb2025 00:47:49.414] [Server thread/WARN] [net.minecraft.server.MinecraftServer/]: Can't keep up! Is the server overloaded? Running 7097ms or 141 ticks behind
[25Feb2025 00:48:10.725] [Server thread/WARN] [net.minecraft.server.MinecraftServer/]: Can't keep up! Is the server overloaded? Running 6358ms or 127 ticks behind
[25Feb2025 00:48:32.524] [Server thread/WARN] [net.minecraft.server.MinecraftServer/]: Can't keep up! Is the server overloaded? Running 6807ms or 136 ticks behind
[25Feb2025 00:48:52.661] [Server thread/INFO] [net.minecraft.server.players.PlayerList/]: Neo_profeci[/127.57.77.194:36561] logged in with entity id 41895 at (-2242.6996964834084, -34.0, -557.4217851126518)
[25Feb2025 00:48:52.673] [Server thread/INFO] [net.minecraft.server.MinecraftServer/]: Neo_profeci joined the game
[25Feb2025 00:48:52.721] [Server thread/INFO] [Jade/]: Syncing config to Neo_profeci (a143b7f1-e154-3751-9325-6f89ab059d43)
[25Feb2025 00:48:54.615] [Server thread/WARN] [net.minecraft.server.MinecraftServer/]: Can't keep up! Is the server overloaded? Running 7098ms or 141 ticks behind
[25Feb2025 00:49:20.244] [Server thread/WARN] [net.minecraft.server.MinecraftServer/]: Can't keep up! Is the server overloaded? Running 10677ms or 213 ticks behind
[25Feb2025 00:49:46.762] [Server thread/WARN] [net.minecraft.server.MinecraftServer/]: Can't keep up! Is the server overloaded? Running 11545ms or 230 ticks behind
[25Feb2025 00:50:13.351] [Server thread/WARN] [net.minecraft.server.MinecraftServer/]: Can't keep up! Is the server overloaded? Running 11634ms or 232 ticks behind
[25Feb2025 00:50:39.800] [Server thread/WARN] [net.minecraft.server.MinecraftServer/]: Can't keep up! Is the server overloaded? Running 11483ms or 229 ticks behind
[25Feb2025 00:51:06.084] [Server thread/WARN] [net.minecraft.server.MinecraftServer/]: Can't keep up! Is the server overloaded? Running 11317ms or 226 ticks behind
[25Feb2025 00:51:33.494] [Server thread/WARN] [net.minecraft.server.MinecraftServer/]: Can't keep up! Is the server overloaded? Running 12427ms or 248 ticks behind
[25Feb2025 00:51:40.736] [Server thread/INFO] [net.minecraft.server.MinecraftServer/]: pipeeessj has made the advancement [The Wind Darkening]
[25Feb2025 00:52:02.587] [Server thread/WARN] [net.minecraft.server.MinecraftServer/]: Can't keep up! Is the server overloaded? Running 14120ms or 282 ticks behind
[25Feb2025 00:52:17.017] [Server thread/INFO] [net.minecraft.server.MinecraftServer/]: pipeeessj has made the advancement [When in Rome]
[25Feb2025 00:52:31.544] [Server thread/WARN] [net.minecraft.server.MinecraftServer/]: Can't keep up! Is the server overloaded? Running 13977ms or 279 ticks behind
[25Feb2025 00:52:58.490] [Server thread/WARN] [net.minecraft.server.MinecraftServer/]: Can't keep up! Is the server overloaded? Running 11973ms or 239 ticks behind
[25Feb2025 00:53:24.787] [Server thread/WARN] [net.minecraft.server.MinecraftServer/]: Can't keep up! Is the server overloaded? Running 11320ms or 226 ticks behind
[25Feb2025 00:53:51.448] [Server thread/WARN] [net.minecraft.server.MinecraftServer/]: Can't keep up! Is the server overloaded? Running 11681ms or 233 ticks behind
[25Feb2025 00:54:18.821] [Server thread/WARN] [net.minecraft.server.MinecraftServer/]: Can't keep up! Is the server overloaded? Running 12404ms or 248 ticks behind
[25Feb2025 00:54:44.924] [Server thread/WARN] [net.minecraft.server.MinecraftServer/]: Can't keep up! Is the server overloaded? Running 11107ms or 222 ticks behind
[25Feb2025 00:55:12.115] [Server thread/WARN] [net.minecraft.server.MinecraftServer/]: Can't keep up! Is the server overloaded? Running 12198ms or 243 ticks behind
[25Feb2025 00:55:38.370] [Server thread/WARN] [net.minecraft.server.MinecraftServer/]: Can't keep up! Is the server overloaded? Running 11303ms or 226 ticks behind
[25Feb2025 00:55:50.405] [Server thread/INFO] [net.minecraft.server.network.ServerGamePacketListenerImpl/]: pipeeessj lost connection: Disconnected
[25Feb2025 00:55:50.405] [Server thread/INFO] [net.minecraft.server.MinecraftServer/]: pipeeessj left the game
[25Feb2025 00:56:02.358] [Server thread/WARN] [net.minecraft.server.MinecraftServer/]: Can't keep up! Is the server overloaded? Running 8991ms or 179 ticks behind
[25Feb2025 00:56:22.085] [Server thread/WARN] [net.minecraft.server.MinecraftServer/]: Can't keep up! Is the server overloaded? Running 4768ms or 95 ticks behind
[25Feb2025 00:56:41.379] [Server thread/WARN] [net.minecraft.server.MinecraftServer/]: Can't keep up! Is the server overloaded? Running 4312ms or 86 ticks behind
[25Feb2025 00:57:00.895] [Server thread/WARN] [net.minecraft.server.MinecraftServer/]: Can't keep up! Is the server overloaded? Running 4528ms or 90 ticks behind
[25Feb2025 00:57:21.484] [Server thread/WARN] [net.minecraft.server.MinecraftServer/]: Can't keep up! Is the server overloaded? Running 5617ms or 112 ticks behind
[25Feb2025 00:57:40.494] [Server thread/WARN] [net.minecraft.server.MinecraftServer/]: Can't keep up! Is the server overloaded? Running 4027ms or 80 ticks behind
[25Feb2025 00:57:59.914] [Server thread/WARN] [net.minecraft.server.MinecraftServer/]: Can't keep up! Is the server overloaded? Running 4448ms or 88 ticks behind
[25Feb2025 00:58:18.785] [Server thread/WARN] [net.minecraft.server.MinecraftServer/]: Can't keep up! Is the server overloaded? Running 3918ms or 78 ticks behind
[25Feb2025 00:58:38.015] [Server thread/WARN] [net.minecraft.server.MinecraftServer/]: Can't keep up! Is the server overloaded? Running 4248ms or 84 ticks behind
[25Feb2025 00:58:57.513] [Server thread/WARN] [net.minecraft.server.MinecraftServer/]: Can't keep up! Is the server overloaded? Running 4546ms or 90 ticks behind
[25Feb2025 00:59:16.795] [Server thread/WARN] [net.minecraft.server.MinecraftServer/]: Can't keep up! Is the server overloaded? Running 4328ms or 86 ticks behind
[25Feb2025 00:59:30.276] [Server thread/INFO] [net.minecraft.server.network.ServerGamePacketListenerImpl/]: Timothy255 lost connection: Disconnected
[25Feb2025 00:59:30.276] [Server thread/INFO] [net.minecraft.server.MinecraftServer/]: Timothy255 left the game
[25Feb2025 00:59:30.277] [Server thread/INFO] [net.minecraft.server.MinecraftServer/]: Timothy255 was slain by Cave Dweller
[25Feb2025 00:59:34.369] [Server thread/WARN] [net.minecraft.server.MinecraftServer/]: Can't keep up! Is the server overloaded? Running 2602ms or 52 ticks behind
[25Feb2025 01:01:04.961] [Server thread/INFO] [net.minecraft.server.players.PlayerList/]: NeozZ_BlodD[/127.67.160.249:57459] logged in with entity id 47330 at (-2285.5, 77.0, -635.5)
[25Feb2025 01:01:04.967] [Server thread/INFO] [net.minecraft.server.MinecraftServer/]: NeozZ_BlodD joined the game
[25Feb2025 01:01:05.020] [Server thread/INFO] [Jade/]: Syncing config to NeozZ_BlodD (2cddb419-66c7-3caa-92ab-6dd19c937bf6)
[25Feb2025 01:01:05.962] [Server thread/INFO] [net.minecraft.server.MinecraftServer/]: NeozZ_BlodD has made the advancement [Minecraft Comes Alive]
[25Feb2025 01:03:14.710] [Server thread/INFO] [net.minecraft.server.MinecraftServer/]: NeozZ_BlodD has made the advancement [Alex's Mobs]
[25Feb2025 01:04:21.596] [Server thread/INFO] [net.minecraft.server.MinecraftServer/]: Neo_profeci was slain by Zombie
[25Feb2025 01:05:18.145] [Server thread/INFO] [net.minecraft.server.MinecraftServer/]: TomanoMC was slain by Cave Centipede
[25Feb2025 01:07:46.146] [Server thread/INFO] [net.minecraft.server.MinecraftServer/]: Neo_profeci fell from a high place
[25Feb2025 01:07:50.453] [Server thread/INFO] [net.minecraft.server.MinecraftServer/]: TomanoMC fell from a high place
[25Feb2025 01:09:36.608] [Server thread/INFO] [net.minecraft.server.MinecraftServer/]: Neo_profeci was slain by Zombie
[25Feb2025 01:09:39.108] [Server thread/WARN] [net.minecraft.server.level.ServerPlayerGameMode/]: Mismatch in destroy block pos: BlockPos{x=-2228, y=66, z=-493} BlockPos{x=-2293, y=64, z=-640}
[25Feb2025 01:10:29.356] [Server thread/INFO] [net.minecraft.server.MinecraftServer/]: Neo_profeci was shot by Mutant Skeleton
[25Feb2025 01:10:52.619] [Server thread/INFO] [net.minecraft.server.MinecraftServer/]: TomanoMC has made the advancement [The day of the Dead]
[25Feb2025 01:11:20.056] [Server thread/INFO] [net.minecraft.server.network.ServerGamePacketListenerImpl/]: NeozZ_BlodD lost connection: Disconnected
[25Feb2025 01:11:20.057] [Server thread/INFO] [net.minecraft.server.MinecraftServer/]: NeozZ_BlodD left the game
[25Feb2025 01:11:20.057] [Server thread/INFO] [net.minecraft.server.MinecraftServer/]: NeozZ_BlodD was slain by Zombie Bruiser
[25Feb2025 01:11:29.651] [Server thread/INFO] [net.minecraft.server.players.PlayerList/]: NeozZ_BlodD[/127.67.160.249:33011] logged in with entity id 50371 at (-2277.112646554704, 63.0, -608.3191343764255)
[25Feb2025 01:11:29.656] [Server thread/INFO] [net.minecraft.server.MinecraftServer/]: NeozZ_BlodD joined the game
[25Feb2025 01:11:29.703] [Server thread/INFO] [Jade/]: Syncing config to NeozZ_BlodD (2cddb419-66c7-3caa-92ab-6dd19c937bf6)
[25Feb2025 01:13:16.952] [Server thread/INFO] [net.minecraft.server.MinecraftServer/]: NeozZ_BlodD has made the advancement [Sweet Dreams]
[25Feb2025 01:13:18.711] [Server thread/INFO] [net.minecraft.server.MinecraftServer/]: [Not Secure] <NeozZ_BlodD> zz
[25Feb2025 01:13:19.715] [Server thread/INFO] [net.minecraft.server.MinecraftServer/]: [Not Secure] <NeozZ_BlodD> zzzzzzz
[25Feb2025 01:13:20.709] [Server thread/INFO] [net.minecraft.server.MinecraftServer/]: [Not Secure] <NeozZ_BlodD> zzzzzzzzzzz
[25Feb2025 01:13:21.705] [Server thread/INFO] [net.minecraft.server.MinecraftServer/]: [Not Secure] <NeozZ_BlodD> zzzzzzzzzzz
[25Feb2025 01:13:28.010] [Server thread/INFO] [net.minecraft.server.MinecraftServer/]: Neo_profeci was slain by Fallen Chaos Knight
[25Feb2025 01:13:32.312] [Server thread/INFO] [net.minecraft.server.MinecraftServer/]: TomanoMC was slain by Fallen Chaos Knight
[25Feb2025 01:14:38.594] [Server thread/INFO] [net.minecraft.server.MinecraftServer/]: Neo_profeci was slain by Dread Hound
[25Feb2025 01:14:50.099] [Server thread/WARN] [net.minecraft.server.level.ServerPlayerGameMode/]: Mismatch in destroy block pos: BlockPos{x=0, y=0, z=0} BlockPos{x=-2297, y=63, z=-639}
[25Feb2025 01:16:43.661] [Server thread/INFO] [net.minecraft.server.MinecraftServer/]: Neo_profeci was shot by Skeleton
[25Feb2025 01:16:49.254] [Server thread/INFO] [net.minecraft.server.MinecraftServer/]: TomanoMC was blown up by Creeper
[25Feb2025 01:17:32.213] [Server thread/INFO] [net.minecraft.server.MinecraftServer/]: [Not Secure] <NeozZ_BlodD> Arsim hi
[25Feb2025 01:20:46.905] [Server thread/INFO] [net.minecraft.server.MinecraftServer/]: Neo_profeci was slain by Dread Hound
[25Feb2025 01:20:50.720] [Server thread/INFO] [net.minecraft.world.entity.npc.Villager/]: Villager VillagerEntityMCA['Luljeta'/42, l='ServerLevel[world]', x=-2307.87, y=65.00, z=-681.08] died, message: 'Luljeta was slain by NeozZ_BlodD'
[25Feb2025 01:20:50.720] [Server thread/INFO] [net.minecraft.world.entity.LivingEntity/]: Named entity VillagerEntityMCA['Luljeta'/42, l='ServerLevel[world]', x=-2307.87, y=65.00, z=-681.08] died: Luljeta was slain by NeozZ_BlodD
[25Feb2025 01:21:23.164] [Server thread/INFO] [net.minecraft.server.MinecraftServer/]: Neo_profeci fell from a high place
[25Feb2025 01:21:59.617] [Server thread/INFO] [net.minecraft.server.MinecraftServer/]: [Not Secure] <NeozZ_BlodD> drite why are u crying
[25Feb2025 01:22:44.466] [Server thread/INFO] [net.minecraft.server.MinecraftServer/]: [Not Secure] <NeozZ_BlodD> Dritë why are you crying
[25Feb2025 01:23:23.804] [Server thread/INFO] [net.minecraft.world.entity.npc.Villager/]: Villager VillagerEntityMCA['Dritë'/34, l='ServerLevel[world]', x=-2288.97, y=64.50, z=-691.50] died, message: 'Dritë was slain by NeozZ_BlodD'
[25Feb2025 01:23:23.805] [Server thread/INFO] [net.minecraft.world.entity.LivingEntity/]: Named entity VillagerEntityMCA['Dritë'/34, l='ServerLevel[world]', x=-2288.97, y=64.50, z=-691.50] died: Dritë was slain by NeozZ_BlodD
[25Feb2025 01:25:41.809] [Server thread/INFO] [net.minecraft.server.MinecraftServer/]: Neo_profeci has made the advancement [Life turned out to be a comedy]
[25Feb2025 01:30:01.358] [Server thread/INFO] [net.minecraft.server.MinecraftServer/]: NeozZ_BlodD has made the advancement [Acquire Hardware]
[25Feb2025 01:31:27.213] [Server thread/INFO] [net.minecraft.server.MinecraftServer/]: NeozZ_BlodD has made the advancement [Suit Up]
[25Feb2025 01:32:13.651] [Server thread/INFO] [net.minecraft.server.MinecraftServer/]: Neo_profeci has made the advancement [Ice Bucket Challenge]
[25Feb2025 01:35:53.818] [Server thread/INFO] [net.minecraft.server.players.PlayerList/]: DocSak[/127.247.157.31:44249] logged in with entity id 57393 at (-5406.6074313001045, 65.0, -634.5395894934551)
[25Feb2025 01:35:53.823] [Server thread/INFO] [net.minecraft.server.MinecraftServer/]: DocSak joined the game
[25Feb2025 01:35:53.833] [Server thread/INFO] [Jade/]: Syncing config to DocSak (7f899fbb-f531-3c9a-9b0b-c2ef3e1c96ae)
[25Feb2025 01:36:02.083] [Server thread/WARN] [net.minecraft.server.MinecraftServer/]: Can't keep up! Is the server overloaded? Running 2016ms or 40 ticks behind
[25Feb2025 01:36:13.691] [Config file watcher thread/INFO] [portb.configlib.ConfigLib/]: Watcher has shut down
[25Feb2025 01:36:13.693] [Server thread/INFO] [net.minecraft.server.MinecraftServer/]: Stopping server
[25Feb2025 01:36:13.761] [Server thread/INFO] [net.minecraft.server.MinecraftServer/]: Saving players
[25Feb2025 01:36:14.237] [Server thread/INFO] [net.minecraft.server.network.ServerGamePacketListenerImpl/]: NeozZ_BlodD lost connection: Server closed
[25Feb2025 01:36:14.238] [Server thread/INFO] [net.minecraft.server.MinecraftServer/]: NeozZ_BlodD left the game
[25Feb2025 01:36:14.243] [Server thread/INFO] [net.minecraft.server.network.ServerGamePacketListenerImpl/]: Neo_profeci lost connection: Server closed
[25Feb2025 01:36:14.243] [Server thread/INFO] [net.minecraft.server.MinecraftServer/]: Neo_profeci left the game
[25Feb2025 01:36:14.253] [Server thread/INFO] [net.minecraft.server.MinecraftServer/]: Saving worlds
